CRITICAL - 2022-02-28 09:35:51 --> Invalid file: template/admin_template.php
#0 C:\laragon\www\clase05\system\View\View.php(198): CodeIgniter\Exceptions\FrameworkException::forInvalidFile('template/admin_...')
#1 C:\laragon\www\clase05\system\View\View.php(226): CodeIgniter\View\View->render('template/admin_...', Array, true)
#2 C:\laragon\www\clase05\system\Common.php(1089): CodeIgniter\View\View->render('dashboard/index...', Array, true)
#3 C:\laragon\www\clase05\app\Controllers\Dashboard.php(9): view('dashboard/index...')
#4 C:\laragon\www\clase05\system\CodeIgniter.php(832): App\Controllers\Dashboard->index()
#5 C:\laragon\www\clase05\system\CodeIgniter.php(419): CodeIgniter\CodeIgniter->runController(Object(App\Controllers\Dashboard))
#6 C:\laragon\www\clase05\system\CodeIgniter.php(326): CodeIgniter\CodeIgniter->handleRequest(NULL, Object(Config\Cache), false)
#7 C:\laragon\www\clase05\public\index.php(37): CodeIgniter\CodeIgniter->run()
#8 {main}
CRITICAL - 2022-02-28 09:36:53 --> Invalid file: template/admin_template.php
#0 C:\laragon\www\clase05\system\View\View.php(198): CodeIgniter\Exceptions\FrameworkException::forInvalidFile('template/admin_...')
#1 C:\laragon\www\clase05\system\View\View.php(226): CodeIgniter\View\View->render('template/admin_...', Array, true)
#2 C:\laragon\www\clase05\system\Common.php(1089): CodeIgniter\View\View->render('dashboard/index...', Array, true)
#3 C:\laragon\www\clase05\app\Controllers\Dashboard.php(9): view('dashboard/index...')
#4 C:\laragon\www\clase05\system\CodeIgniter.php(832): App\Controllers\Dashboard->index()
#5 C:\laragon\www\clase05\system\CodeIgniter.php(419): CodeIgniter\CodeIgniter->runController(Object(App\Controllers\Dashboard))
#6 C:\laragon\www\clase05\system\CodeIgniter.php(326): CodeIgniter\CodeIgniter->handleRequest(NULL, Object(Config\Cache), false)
#7 C:\laragon\www\clase05\public\index.php(37): CodeIgniter\CodeIgniter->run()
#8 {main}
CRITICAL - 2022-02-28 09:36:58 --> Invalid file: template/admin_template.php
#0 C:\laragon\www\clase05\system\View\View.php(198): CodeIgniter\Exceptions\FrameworkException::forInvalidFile('template/admin_...')
#1 C:\laragon\www\clase05\system\View\View.php(226): CodeIgniter\View\View->render('template/admin_...', Array, true)
#2 C:\laragon\www\clase05\system\Common.php(1089): CodeIgniter\View\View->render('dashboard/index...', Array, true)
#3 C:\laragon\www\clase05\app\Controllers\Dashboard.php(9): view('dashboard/index...')
#4 C:\laragon\www\clase05\system\CodeIgniter.php(832): App\Controllers\Dashboard->index()
#5 C:\laragon\www\clase05\system\CodeIgniter.php(419): CodeIgniter\CodeIgniter->runController(Object(App\Controllers\Dashboard))
#6 C:\laragon\www\clase05\system\CodeIgniter.php(326): CodeIgniter\CodeIgniter->handleRequest(NULL, Object(Config\Cache), false)
#7 C:\laragon\www\clase05\public\index.php(37): CodeIgniter\CodeIgniter->run()
#8 {main}
